{"type":"operationStart","subtype":"profile","data":{"_id":"a38tlKfQZokbGEvx","timestamp":"2022-06-16T15:12:55.918Z","state":"queued","mode":"standard","blobName":"profiles/1bu87yo53wo0rd6.log","creationDate":"2022-06-16T15:12:55.918Z","modificationDate":"2022-06-16T15:12:55.918Z","shortid":"hlaQyIU","inheritedReadPermissions":[],"inheritedEditPermissions":[],"$entitySet":"profiles"},"doDiffs":false,"timestamp":1655392375918,"id":"yhco5b9xg0r6qoo","previousOperationId":null,"operationId":"xjjmm7xbd8gk08f"}
{"type":"log","level":"info","message":"Render request 2 queued for execution and waiting for availible worker","previousOperationId":"xjjmm7xbd8gk08f","timestamp":1655392375918,"id":"fu578pnly1jqkl0"}
{"type":"operationStart","subtype":"render","name":"invoice-main","previousOperationId":"xjjmm7xbd8gk08f","timestamp":1655392375922,"id":"zym1ruitztse604","previousEventId":"yhco5b9xg0r6qoo","operationId":"3dq2xn2hc11wk4z"}
{"type":"log","timestamp":1655392375922,"level":"info","message":"Starting rendering request 2 (user: admin)","meta":{"rootId":"1bu87yo53wo0rd6","id":"1bu87yo53wo0rd6"},"id":"5zu0727ud7dvtvz","previousOperationId":"3dq2xn2hc11wk4z"}
{"type":"log","timestamp":1655392375923,"level":"info","message":"Rendering template { name: invoice-main, recipe: html-with-browser-client, engine: handlebars, preview: true }","meta":{"rootId":"1bu87yo53wo0rd6","id":"1bu87yo53wo0rd6"},"id":"1ijs7ufci5yinoo","previousOperationId":"3dq2xn2hc11wk4z"}
{"type":"log","timestamp":1655392375924,"level":"debug","message":"Adding sample data Sy5S19ncg","meta":{"rootId":"1bu87yo53wo0rd6","id":"1bu87yo53wo0rd6"},"id":"co2ohvg00lp46jg","previousOperationId":"3dq2xn2hc11wk4z"}
{"type":"log","timestamp":1655392375926,"level":"debug","message":"Base url not specified, skipping its injection.","meta":{"rootId":"1bu87yo53wo0rd6","id":"1bu87yo53wo0rd6"},"id":"hjaxsp5x396jl8w","previousOperationId":"3dq2xn2hc11wk4z"}
{"type":"log","timestamp":1655392375933,"level":"debug","message":"Replaced assets [\"invoice-styles.css\",\"KhmerOS_muollight.ttf\",\"KhmerOScontent.ttf\"]","meta":{"rootId":"1bu87yo53wo0rd6","id":"1bu87yo53wo0rd6"},"id":"pfww9gav03kbkpt","previousOperationId":"3dq2xn2hc11wk4z"}
{"type":"operationStart","subtype":"engine","name":"handlebars","timestamp":1655392375933,"id":"yinbbhq0120xrg1","previousEventId":"zym1ruitztse604","operationId":"fi4ebty2lybgvdo","previousOperationId":"3dq2xn2hc11wk4z"}
{"type":"log","timestamp":1655392375933,"level":"debug","message":"Rendering engine handlebars","meta":{"rootId":"1bu87yo53wo0rd6","id":"1bu87yo53wo0rd6"},"id":"zgcwt8rbdgec7kg","previousOperationId":"fi4ebty2lybgvdo"}
{"type":"log","timestamp":1655392375944,"level":"debug","message":"Pdf utils adding item field, value: \"SV20070020\"","meta":{"rootId":"1bu87yo53wo0rd6","id":"1bu87yo53wo0rd6"},"id":"909f8j8m96id1ws","previousOperationId":"fi4ebty2lybgvdo"}
{"type":"log","timestamp":1655392375944,"level":"debug","message":"Pdf utils adding item field, value: \"27/07/2020\"","meta":{"rootId":"1bu87yo53wo0rd6","id":"1bu87yo53wo0rd6"},"id":"ax33lnuip1vy0ku","previousOperationId":"fi4ebty2lybgvdo"}
{"type":"log","timestamp":1655392375944,"level":"debug","message":"Pdf utils adding group field, value: {\"customer\":{\"name\":\"C2-ANM-SORAVY\",\"phone\":\"070 202 669\",\"address\":\"Phnom Penh\"},\"header\":{\"invoice-number\":\"SV20070020\",\"invoice-date\":\"27/07/2020\",\"seller\":\"KIMHONG\",\"invoice-printed\":\"KIMHONG\",\"qrcode\":\"http://192.168.1.168:6000/api/v1/qr?text=%7B%22type%22:%22invoice%22,%22value%22:%22SV20070015%22%7D\"}}","meta":{"rootId":"1bu87yo53wo0rd6","id":"1bu87yo53wo0rd6"},"id":"4vslo40k3xj8fo8","previousOperationId":"fi4ebty2lybgvdo"}
{"type":"operationEnd","operationId":"fi4ebty2lybgvdo","timestamp":1655392375947,"id":"b829el38j8c4qp7","previousEventId":"yinbbhq0120xrg1","previousOperationId":"fi4ebty2lybgvdo"}
{"type":"operationStart","subtype":"recipe","name":"html-with-browser-client","timestamp":1655392375954,"id":"euih6tfswh3zxjq","previousEventId":"b829el38j8c4qp7","operationId":"cu4r9fba60squlq","previousOperationId":"fi4ebty2lybgvdo"}
{"type":"log","timestamp":1655392375954,"level":"debug","message":"Executing recipe html-with-browser-client","meta":{"rootId":"1bu87yo53wo0rd6","id":"1bu87yo53wo0rd6"},"id":"du2cy5xp25wbp5g","previousOperationId":"cu4r9fba60squlq"}
{"type":"operationEnd","operationId":"cu4r9fba60squlq","timestamp":1655392375958,"id":"6aaeo1jutawhmto","previousEventId":"euih6tfswh3zxjq","previousOperationId":"cu4r9fba60squlq"}
{"type":"log","timestamp":1655392375958,"level":"debug","message":"Skipping pdf utils processing because template is rendered with non-pdf recipe.","meta":{"rootId":"1bu87yo53wo0rd6","id":"1bu87yo53wo0rd6"},"id":"m255x3ltc52h1bd","previousOperationId":"cu4r9fba60squlq"}
{"type":"log","timestamp":1655392375958,"level":"debug","message":"Skipping storing report.","meta":{"rootId":"1bu87yo53wo0rd6","id":"1bu87yo53wo0rd6"},"id":"bkoehq7fx2clxv3","previousOperationId":"cu4r9fba60squlq"}
{"type":"log","timestamp":1655392375958,"level":"info","message":"Rendering request 2 finished in 41 ms","meta":{"rootId":"1bu87yo53wo0rd6","id":"1bu87yo53wo0rd6"},"id":"t20850h0iprql3r","previousOperationId":"cu4r9fba60squlq"}
{"type":"operationEnd","subtype":"render","operationId":"3dq2xn2hc11wk4z","timestamp":1655392375958,"id":"1znnq75wp2xu3d6","previousEventId":"6aaeo1jutawhmto","previousOperationId":"cu4r9fba60squlq"}
{"type":"operationEnd","doDiffs":false,"previousEventId":"yhco5b9xg0r6qoo","previousOperationId":"xjjmm7xbd8gk08f","operationId":"xjjmm7xbd8gk08f","timestamp":1655392375970,"id":"h1g7a6vtjw1oelf"}
