{"type":"operationStart","subtype":"profile","data":{"_id":"oj9mdpYm78aUndWR","timestamp":"2022-06-16T15:13:21.838Z","state":"queued","mode":"standard","blobName":"profiles/qld5sqc2jmm78af.log","creationDate":"2022-06-16T15:13:21.838Z","modificationDate":"2022-06-16T15:13:21.838Z","shortid":"oO3He9i","inheritedReadPermissions":[],"inheritedEditPermissions":[],"$entitySet":"profiles"},"doDiffs":false,"timestamp":1655392401838,"id":"wkm4wd7tjdl48ie","previousOperationId":null,"operationId":"fqbvd53efki2l0u"}
{"type":"log","level":"info","message":"Render request 5 queued for execution and waiting for availible worker","previousOperationId":"fqbvd53efki2l0u","timestamp":1655392401838,"id":"5wwf6omxwhyfkgr"}
{"type":"operationStart","subtype":"render","name":"invoice-main","previousOperationId":"fqbvd53efki2l0u","timestamp":1655392401842,"id":"bs8emdhtcof9ovz","previousEventId":"wkm4wd7tjdl48ie","operationId":"yy6iq5v5gb19j03"}
{"type":"log","timestamp":1655392401842,"level":"info","message":"Starting rendering request 5 (user: admin)","meta":{"rootId":"qld5sqc2jmm78af","id":"qld5sqc2jmm78af"},"id":"zz0qht6idjnm36i","previousOperationId":"yy6iq5v5gb19j03"}
{"type":"log","timestamp":1655392401842,"level":"info","message":"Rendering template { name: invoice-main, recipe: html, engine: handlebars, preview: true }","meta":{"rootId":"qld5sqc2jmm78af","id":"qld5sqc2jmm78af"},"id":"8q4wztqtrie1o8m","previousOperationId":"yy6iq5v5gb19j03"}
{"type":"log","timestamp":1655392401843,"level":"debug","message":"Adding sample data Sy5S19ncg","meta":{"rootId":"qld5sqc2jmm78af","id":"qld5sqc2jmm78af"},"id":"btq5zxo99vshvlc","previousOperationId":"yy6iq5v5gb19j03"}
{"type":"log","timestamp":1655392401847,"level":"debug","message":"Base url not specified, skipping its injection.","meta":{"rootId":"qld5sqc2jmm78af","id":"qld5sqc2jmm78af"},"id":"o688ukpe1bsoz2n","previousOperationId":"yy6iq5v5gb19j03"}
{"type":"log","timestamp":1655392401851,"level":"debug","message":"Replaced assets [\"invoice-styles.css\",\"KhmerOS_muollight.ttf\",\"KhmerOScontent.ttf\"]","meta":{"rootId":"qld5sqc2jmm78af","id":"qld5sqc2jmm78af"},"id":"3ntei9xbvgv7pra","previousOperationId":"yy6iq5v5gb19j03"}
{"type":"operationStart","subtype":"engine","name":"handlebars","timestamp":1655392401851,"id":"8iqfjpgi8rmnd03","previousEventId":"bs8emdhtcof9ovz","operationId":"ir4qlbxg1pda1eq","previousOperationId":"yy6iq5v5gb19j03"}
{"type":"log","timestamp":1655392401852,"level":"debug","message":"Rendering engine handlebars","meta":{"rootId":"qld5sqc2jmm78af","id":"qld5sqc2jmm78af"},"id":"qu4edbuucnsn8zl","previousOperationId":"ir4qlbxg1pda1eq"}
{"type":"log","timestamp":1655392401860,"level":"debug","message":"Pdf utils adding item field, value: \"SV20070020\"","meta":{"rootId":"qld5sqc2jmm78af","id":"qld5sqc2jmm78af"},"id":"qcpeafmp1ad0gjk","previousOperationId":"ir4qlbxg1pda1eq"}
{"type":"log","timestamp":1655392401860,"level":"debug","message":"Pdf utils adding item field, value: \"27/07/2020\"","meta":{"rootId":"qld5sqc2jmm78af","id":"qld5sqc2jmm78af"},"id":"ssmhszd7drm1qqk","previousOperationId":"ir4qlbxg1pda1eq"}
{"type":"log","timestamp":1655392401860,"level":"debug","message":"Pdf utils adding group field, value: {\"customer\":{\"name\":\"C2-ANM-SORAVY\",\"phone\":\"070 202 669\",\"address\":\"Phnom Penh\"},\"header\":{\"invoice-number\":\"SV20070020\",\"invoice-date\":\"27/07/2020\",\"seller\":\"KIMHONG\",\"invoice-printed\":\"KIMHONG\",\"qrcode\":\"http://192.168.1.168:6000/api/v1/qr?text=%7B%22type%22:%22invoice%22,%22value%22:%22SV20070015%22%7D\"}}","meta":{"rootId":"qld5sqc2jmm78af","id":"qld5sqc2jmm78af"},"id":"3ztfod6x6n3xl28","previousOperationId":"ir4qlbxg1pda1eq"}
{"type":"operationEnd","operationId":"ir4qlbxg1pda1eq","timestamp":1655392401863,"id":"bqy6l4vmigb9to8","previousEventId":"8iqfjpgi8rmnd03","previousOperationId":"ir4qlbxg1pda1eq"}
{"type":"operationStart","subtype":"recipe","name":"html","timestamp":1655392401868,"id":"s0nljaurn7hnxh2","previousEventId":"bqy6l4vmigb9to8","operationId":"g3ldh351y56adn4","previousOperationId":"ir4qlbxg1pda1eq"}
{"type":"log","timestamp":1655392401868,"level":"debug","message":"Executing recipe html","meta":{"rootId":"qld5sqc2jmm78af","id":"qld5sqc2jmm78af"},"id":"84eh8fo0zmp69yn","previousOperationId":"g3ldh351y56adn4"}
{"type":"operationEnd","operationId":"g3ldh351y56adn4","timestamp":1655392401868,"id":"yibtd3ko0d9tok4","previousEventId":"s0nljaurn7hnxh2","previousOperationId":"g3ldh351y56adn4"}
{"type":"log","timestamp":1655392401868,"level":"debug","message":"Skipping pdf utils processing because template is rendered with non-pdf recipe.","meta":{"rootId":"qld5sqc2jmm78af","id":"qld5sqc2jmm78af"},"id":"v6kp0abe0hcs0ma","previousOperationId":"g3ldh351y56adn4"}
{"type":"log","timestamp":1655392401868,"level":"debug","message":"Skipping storing report.","meta":{"rootId":"qld5sqc2jmm78af","id":"qld5sqc2jmm78af"},"id":"85uph147gj7k4cv","previousOperationId":"g3ldh351y56adn4"}
{"type":"log","timestamp":1655392401869,"level":"info","message":"Rendering request 5 finished in 31 ms","meta":{"rootId":"qld5sqc2jmm78af","id":"qld5sqc2jmm78af"},"id":"b7cz58gknlihgdb","previousOperationId":"g3ldh351y56adn4"}
{"type":"operationEnd","subtype":"render","operationId":"yy6iq5v5gb19j03","timestamp":1655392401869,"id":"jv917h9akou50gj","previousEventId":"yibtd3ko0d9tok4","previousOperationId":"g3ldh351y56adn4"}
{"type":"operationEnd","doDiffs":false,"previousEventId":"wkm4wd7tjdl48ie","previousOperationId":"fqbvd53efki2l0u","operationId":"fqbvd53efki2l0u","timestamp":1655392401875,"id":"jsikr5m0fnnfc3z"}
