{"type":"operationStart","subtype":"profile","data":{"_id":"poddyKmI7kBbWNtB","timestamp":"2022-06-16T15:57:51.768Z","state":"queued","mode":"standard","blobName":"profiles/34azi114dr5i4pe.log","creationDate":"2022-06-16T15:57:51.768Z","modificationDate":"2022-06-16T15:57:51.768Z","shortid":"KF-SjeJ","inheritedReadPermissions":[],"inheritedEditPermissions":[],"$entitySet":"profiles"},"doDiffs":false,"timestamp":1655395071768,"id":"e6wnnikhi97bmze","previousOperationId":null,"operationId":"wsckppqr0lhk32y"}
{"type":"log","level":"info","message":"Render request 7 queued for execution and waiting for availible worker","previousOperationId":"wsckppqr0lhk32y","timestamp":1655395071768,"id":"ct42y7pvj20nraw"}
{"type":"operationStart","subtype":"render","name":"Header-Footer","previousOperationId":"wsckppqr0lhk32y","timestamp":1655395071772,"id":"u730omrffx3pojg","previousEventId":"e6wnnikhi97bmze","operationId":"1dv1yc4e5ee5kg7"}
{"type":"log","timestamp":1655395071772,"level":"info","message":"Starting rendering request 7 (user: admin)","meta":{"rootId":"34azi114dr5i4pe","id":"34azi114dr5i4pe"},"id":"lg74sscnj5x1eq6","previousOperationId":"1dv1yc4e5ee5kg7"}
{"type":"log","timestamp":1655395071772,"level":"info","message":"Rendering template { name: Header-Footer, recipe: chrome-pdf, engine: handlebars, preview: true }","meta":{"rootId":"34azi114dr5i4pe","id":"34azi114dr5i4pe"},"id":"g1ig8lietpy98n3","previousOperationId":"1dv1yc4e5ee5kg7"}
{"type":"log","timestamp":1655395071773,"level":"debug","message":"Data item not defined for this template.","meta":{"rootId":"34azi114dr5i4pe","id":"34azi114dr5i4pe"},"id":"itd4dob9eq9jl4f","previousOperationId":"1dv1yc4e5ee5kg7"}
{"type":"log","timestamp":1655395071774,"level":"debug","message":"Base url not specified, skipping its injection.","meta":{"rootId":"34azi114dr5i4pe","id":"34azi114dr5i4pe"},"id":"srhwtoq94gch3mr","previousOperationId":"1dv1yc4e5ee5kg7"}
{"type":"log","timestamp":1655395071779,"level":"debug","message":"Replaced assets [\"invoice-styles.css\",\"KhmerOS_muollight.ttf\",\"KhmerOScontent.ttf\",\"logo_bc.png\"]","meta":{"rootId":"34azi114dr5i4pe","id":"34azi114dr5i4pe"},"id":"ots46r5dk63tndb","previousOperationId":"1dv1yc4e5ee5kg7"}
{"type":"operationStart","subtype":"engine","name":"handlebars","timestamp":1655395071779,"id":"zc6oxo03volg6sx","previousEventId":"u730omrffx3pojg","operationId":"fpta06zrzmwdmu5","previousOperationId":"1dv1yc4e5ee5kg7"}
{"type":"log","timestamp":1655395071779,"level":"debug","message":"Rendering engine handlebars","meta":{"rootId":"34azi114dr5i4pe","id":"34azi114dr5i4pe"},"id":"utbcf45c077jerl","previousOperationId":"fpta06zrzmwdmu5"}
{"type":"operationEnd","operationId":"fpta06zrzmwdmu5","timestamp":1655395071806,"id":"45sl09t9tuk9xsk","previousEventId":"zc6oxo03volg6sx","previousOperationId":"fpta06zrzmwdmu5"}
{"type":"operationStart","subtype":"recipe","name":"chrome-pdf","timestamp":1655395071812,"id":"f28l3iwpx64topr","previousEventId":"45sl09t9tuk9xsk","operationId":"5rt3ag8k0xzs1j6","previousOperationId":"fpta06zrzmwdmu5"}
{"type":"log","timestamp":1655395071812,"level":"debug","message":"Executing recipe chrome-pdf","meta":{"rootId":"34azi114dr5i4pe","id":"34azi114dr5i4pe"},"id":"g8y6i6ln6v24ysh","previousOperationId":"5rt3ag8k0xzs1j6"}
{"type":"log","timestamp":1655395071818,"level":"debug","message":"Converting with chrome HeadlessChrome/98.0.4758.0 using chrome-pool strategy","meta":{"rootId":"34azi114dr5i4pe","id":"34azi114dr5i4pe"},"id":"b7tl1z5mhcv1emk","previousOperationId":"5rt3ag8k0xzs1j6"}
{"type":"log","timestamp":1655395071902,"level":"debug","message":"Page request: GET (document) file:///var/folders/zn/5zb6zxgn2vvggrt21qcn95hh0000gn/T/jsreport/autocleanup/a3fd5e61-f70a-42a4-bb64-cb5fb2d9af02-chrome-pdf.html","meta":{"rootId":"34azi114dr5i4pe","id":"34azi114dr5i4pe"},"id":"nly2m6ydd1ep3cj","previousOperationId":"5rt3ag8k0xzs1j6"}
{"type":"log","timestamp":1655395071913,"level":"debug","message":"Page request finished: GET (document) file:///var/folders/zn/5zb6zxgn2vvggrt21qcn95hh0000gn/T/jsreport/autocleanup/a3fd5e61-f70a-42a4-bb64-cb5fb2d9af02-chrome-pdf.html","meta":{"rootId":"34azi114dr5i4pe","id":"34azi114dr5i4pe"},"id":"dugw6busrbt2fjo","previousOperationId":"5rt3ag8k0xzs1j6"}
{"type":"log","timestamp":1655395071932,"level":"debug","message":"Running chrome with params {\"printBackground\":true,\"format\":\"A5\",\"marginTop\":\"0cm\",\"marginRight\":\"0cm\",\"marginBottom\":\"0cm\",\"marginLeft\":\"0cm\",\"timeout\":59951,\"margin\":{\"top\":\"0cm\",\"right\":\"0cm\",\"bottom\":\"0cm\",\"left\":\"0cm\"}}","meta":{"rootId":"34azi114dr5i4pe","id":"34azi114dr5i4pe"},"id":"p60y70hf0abykuo","previousOperationId":"5rt3ag8k0xzs1j6"}
{"type":"operationEnd","operationId":"5rt3ag8k0xzs1j6","timestamp":1655395071938,"id":"0ei7aynxjxj6og9","previousEventId":"f28l3iwpx64topr","previousOperationId":"5rt3ag8k0xzs1j6"}
{"type":"log","timestamp":1655395071938,"level":"debug","message":"Skipping storing report.","meta":{"rootId":"34azi114dr5i4pe","id":"34azi114dr5i4pe"},"id":"xxwu61fycr2ba8r","previousOperationId":"5rt3ag8k0xzs1j6"}
{"type":"log","timestamp":1655395071938,"level":"info","message":"Rendering request 7 finished in 170 ms","meta":{"rootId":"34azi114dr5i4pe","id":"34azi114dr5i4pe"},"id":"q2v707lt9oiiy78","previousOperationId":"5rt3ag8k0xzs1j6"}
{"type":"operationEnd","subtype":"render","operationId":"1dv1yc4e5ee5kg7","timestamp":1655395071938,"id":"d8e7ts8vz7581fc","previousEventId":"0ei7aynxjxj6og9","previousOperationId":"5rt3ag8k0xzs1j6"}
{"type":"operationEnd","doDiffs":false,"previousEventId":"e6wnnikhi97bmze","previousOperationId":"wsckppqr0lhk32y","operationId":"wsckppqr0lhk32y","timestamp":1655395071940,"id":"s56l3fxtwug3l91"}
