{"type":"operationStart","subtype":"profile","data":{"_id":"85nCv3DzI90iIybd","timestamp":"2022-06-16T16:19:24.408Z","state":"queued","mode":"standard","blobName":"profiles/7kx5u3sjfvjq4hf.log","creationDate":"2022-06-16T16:19:24.410Z","modificationDate":"2022-06-16T16:19:24.410Z","shortid":"engYu-m","inheritedReadPermissions":[],"inheritedEditPermissions":[],"$entitySet":"profiles"},"doDiffs":false,"timestamp":1655396364408,"id":"vfio7ayyzqd90zy","previousOperationId":null,"operationId":"tl23ebyzaxrgdjm"}
{"type":"log","level":"info","message":"Render request 1 queued for execution and waiting for availible worker","previousOperationId":"tl23ebyzaxrgdjm","timestamp":1655396364409,"id":"161blwxumgnthop"}
{"type":"operationStart","subtype":"render","name":"Header-Footer","previousOperationId":"tl23ebyzaxrgdjm","timestamp":1655396364434,"id":"97vtfl5lyl4nl03","previousEventId":"vfio7ayyzqd90zy","operationId":"coj80nc5gz7xkya"}
{"type":"log","timestamp":1655396364435,"level":"info","message":"Starting rendering request 1 (user: admin)","meta":{"rootId":"7kx5u3sjfvjq4hf","id":"7kx5u3sjfvjq4hf"},"id":"542u8yiojqqe6is","previousOperationId":"coj80nc5gz7xkya"}
{"type":"log","timestamp":1655396364436,"level":"info","message":"Rendering template { name: Header-Footer, recipe: chrome-pdf, engine: handlebars, preview: true }","meta":{"rootId":"7kx5u3sjfvjq4hf","id":"7kx5u3sjfvjq4hf"},"id":"guziu4jibptdqci","previousOperationId":"coj80nc5gz7xkya"}
{"type":"log","timestamp":1655396364438,"level":"debug","message":"Data item not defined for this template.","meta":{"rootId":"7kx5u3sjfvjq4hf","id":"7kx5u3sjfvjq4hf"},"id":"od8k4vph9kabxni","previousOperationId":"coj80nc5gz7xkya"}
{"type":"log","timestamp":1655396364441,"level":"debug","message":"Base url not specified, skipping its injection.","meta":{"rootId":"7kx5u3sjfvjq4hf","id":"7kx5u3sjfvjq4hf"},"id":"f9qcel6joolgzfm","previousOperationId":"coj80nc5gz7xkya"}
{"type":"log","timestamp":1655396364449,"level":"debug","message":"Replaced assets [\"invoice-styles.css\",\"KhmerOS_muollight.ttf\",\"KhmerOScontent.ttf\",\"logo_bc.png\"]","meta":{"rootId":"7kx5u3sjfvjq4hf","id":"7kx5u3sjfvjq4hf"},"id":"verz1j6xgfce596","previousOperationId":"coj80nc5gz7xkya"}
{"type":"operationStart","subtype":"engine","name":"handlebars","timestamp":1655396364450,"id":"y5uoxc1abw6ki8i","previousEventId":"97vtfl5lyl4nl03","operationId":"gxwhv9fukl9s5fi","previousOperationId":"coj80nc5gz7xkya"}
{"type":"log","timestamp":1655396364450,"level":"debug","message":"Rendering engine handlebars","meta":{"rootId":"7kx5u3sjfvjq4hf","id":"7kx5u3sjfvjq4hf"},"id":"ckudh2bz2ih5vpn","previousOperationId":"gxwhv9fukl9s5fi"}
{"type":"operationEnd","operationId":"gxwhv9fukl9s5fi","timestamp":1655396364878,"id":"bx6xq0ezj3uf6qf","previousEventId":"y5uoxc1abw6ki8i","previousOperationId":"gxwhv9fukl9s5fi"}
{"type":"operationStart","subtype":"recipe","name":"chrome-pdf","timestamp":1655396364884,"id":"3mbd8pcbm2fx1oo","previousEventId":"bx6xq0ezj3uf6qf","operationId":"a4k3k9mzbytysrb","previousOperationId":"gxwhv9fukl9s5fi"}
{"type":"log","timestamp":1655396364884,"level":"debug","message":"Executing recipe chrome-pdf","meta":{"rootId":"7kx5u3sjfvjq4hf","id":"7kx5u3sjfvjq4hf"},"id":"azj9yhmk54i5w56","previousOperationId":"a4k3k9mzbytysrb"}
{"type":"log","timestamp":1655396365161,"level":"debug","message":"Converting with chrome HeadlessChrome/98.0.4758.0 using chrome-pool strategy","meta":{"rootId":"7kx5u3sjfvjq4hf","id":"7kx5u3sjfvjq4hf"},"id":"hlibgj46vt4pbev","previousOperationId":"a4k3k9mzbytysrb"}
{"type":"log","timestamp":1655396365344,"level":"debug","message":"Page request: GET (document) file:///var/folders/zn/5zb6zxgn2vvggrt21qcn95hh0000gn/T/jsreport/autocleanup/25f63b7b-4807-49d8-a55b-6e26b2684fa2-chrome-pdf.html","meta":{"rootId":"7kx5u3sjfvjq4hf","id":"7kx5u3sjfvjq4hf"},"id":"0m9q7u5sradcbti","previousOperationId":"a4k3k9mzbytysrb"}
{"type":"log","timestamp":1655396365355,"level":"debug","message":"Page request finished: GET (document) file:///var/folders/zn/5zb6zxgn2vvggrt21qcn95hh0000gn/T/jsreport/autocleanup/25f63b7b-4807-49d8-a55b-6e26b2684fa2-chrome-pdf.html","meta":{"rootId":"7kx5u3sjfvjq4hf","id":"7kx5u3sjfvjq4hf"},"id":"4eq7yrtynmunb9c","previousOperationId":"a4k3k9mzbytysrb"}
{"type":"log","timestamp":1655396365375,"level":"debug","message":"Running chrome with params {\"printBackground\":true,\"format\":\"A5\",\"marginTop\":\"0cm\",\"marginRight\":\"0cm\",\"marginBottom\":\"0cm\",\"marginLeft\":\"0cm\",\"timeout\":59465,\"margin\":{\"top\":\"0cm\",\"right\":\"0cm\",\"bottom\":\"0cm\",\"left\":\"0cm\"}}","meta":{"rootId":"7kx5u3sjfvjq4hf","id":"7kx5u3sjfvjq4hf"},"id":"xxqawq9a7rt33io","previousOperationId":"a4k3k9mzbytysrb"}
{"type":"operationEnd","operationId":"a4k3k9mzbytysrb","timestamp":1655396365383,"id":"1apm63t7ow24c49","previousEventId":"3mbd8pcbm2fx1oo","previousOperationId":"a4k3k9mzbytysrb"}
{"type":"log","timestamp":1655396365383,"level":"debug","message":"Skipping storing report.","meta":{"rootId":"7kx5u3sjfvjq4hf","id":"7kx5u3sjfvjq4hf"},"id":"mfwe3cpl6qxwlq9","previousOperationId":"a4k3k9mzbytysrb"}
{"type":"log","timestamp":1655396365384,"level":"info","message":"Rendering request 1 finished in 976 ms","meta":{"rootId":"7kx5u3sjfvjq4hf","id":"7kx5u3sjfvjq4hf"},"id":"cbsjh2vs3lodf12","previousOperationId":"a4k3k9mzbytysrb"}
{"type":"operationEnd","subtype":"render","operationId":"coj80nc5gz7xkya","timestamp":1655396365384,"id":"54ey3xyp655zhrk","previousEventId":"1apm63t7ow24c49","previousOperationId":"a4k3k9mzbytysrb"}
{"type":"operationEnd","doDiffs":false,"previousEventId":"vfio7ayyzqd90zy","previousOperationId":"tl23ebyzaxrgdjm","operationId":"tl23ebyzaxrgdjm","timestamp":1655396365388,"id":"b8wjsah9bnrxwcv"}
