{"type":"operationStart","subtype":"profile","data":{"_id":"kH7SdAtdYVXDLRAw","timestamp":"2022-06-16T15:53:50.983Z","state":"queued","mode":"standard","blobName":"profiles/gr8pv2pq337cfam.log","creationDate":"2022-06-16T15:53:50.984Z","modificationDate":"2022-06-16T15:53:50.984Z","shortid":"6f_IHvy","inheritedReadPermissions":[],"inheritedEditPermissions":[],"$entitySet":"profiles"},"doDiffs":false,"timestamp":1655394830983,"id":"n5z9h6t7uv51xkh","previousOperationId":null,"operationId":"xp7nnmcbassr42g"}
{"type":"log","level":"info","message":"Render request 1 queued for execution and waiting for availible worker","previousOperationId":"xp7nnmcbassr42g","timestamp":1655394830983,"id":"jb687pdsi725x00"}
{"type":"operationStart","subtype":"render","name":"Header-Footer","previousOperationId":"xp7nnmcbassr42g","timestamp":1655394831004,"id":"figc06vx87w4kaf","previousEventId":"n5z9h6t7uv51xkh","operationId":"4sr0xdow01ojud4"}
{"type":"log","timestamp":1655394831005,"level":"info","message":"Starting rendering request 1 (user: admin)","meta":{"rootId":"gr8pv2pq337cfam","id":"gr8pv2pq337cfam"},"id":"g1pdr0f9xzsehup","previousOperationId":"4sr0xdow01ojud4"}
{"type":"log","timestamp":1655394831005,"level":"info","message":"Rendering template { name: Header-Footer, recipe: chrome-pdf, engine: handlebars, preview: true }","meta":{"rootId":"gr8pv2pq337cfam","id":"gr8pv2pq337cfam"},"id":"swcd7zlpiaai1qn","previousOperationId":"4sr0xdow01ojud4"}
{"type":"log","timestamp":1655394831008,"level":"debug","message":"Data item not defined for this template.","meta":{"rootId":"gr8pv2pq337cfam","id":"gr8pv2pq337cfam"},"id":"e0q88jdzle909hy","previousOperationId":"4sr0xdow01ojud4"}
{"type":"log","timestamp":1655394831015,"level":"debug","message":"Base url not specified, skipping its injection.","meta":{"rootId":"gr8pv2pq337cfam","id":"gr8pv2pq337cfam"},"id":"j8q1xeo2doby5n9","previousOperationId":"4sr0xdow01ojud4"}
{"type":"log","timestamp":1655394831022,"level":"debug","message":"Replaced assets [\"invoice-styles.css\",\"KhmerOS_muollight.ttf\",\"KhmerOScontent.ttf\",\"logo_bc.png\"]","meta":{"rootId":"gr8pv2pq337cfam","id":"gr8pv2pq337cfam"},"id":"wdm21e4obc9vhs8","previousOperationId":"4sr0xdow01ojud4"}
{"type":"operationStart","subtype":"engine","name":"handlebars","timestamp":1655394831023,"id":"qz1m0301bpthlxx","previousEventId":"figc06vx87w4kaf","operationId":"cnia48kvonmv7gt","previousOperationId":"4sr0xdow01ojud4"}
{"type":"log","timestamp":1655394831023,"level":"debug","message":"Rendering engine handlebars","meta":{"rootId":"gr8pv2pq337cfam","id":"gr8pv2pq337cfam"},"id":"1u43d973fwboctd","previousOperationId":"cnia48kvonmv7gt"}
{"type":"operationEnd","operationId":"cnia48kvonmv7gt","timestamp":1655394831352,"id":"lz3yhyd77eh20b5","previousEventId":"qz1m0301bpthlxx","previousOperationId":"cnia48kvonmv7gt"}
{"type":"operationStart","subtype":"recipe","name":"chrome-pdf","timestamp":1655394831355,"id":"3iy80b9woha8gli","previousEventId":"lz3yhyd77eh20b5","operationId":"r9q82hvifgzxuxa","previousOperationId":"cnia48kvonmv7gt"}
{"type":"log","timestamp":1655394831355,"level":"debug","message":"Executing recipe chrome-pdf","meta":{"rootId":"gr8pv2pq337cfam","id":"gr8pv2pq337cfam"},"id":"jqj6y3h7lkt425n","previousOperationId":"r9q82hvifgzxuxa"}
{"type":"log","timestamp":1655394831619,"level":"debug","message":"Converting with chrome HeadlessChrome/98.0.4758.0 using chrome-pool strategy","meta":{"rootId":"gr8pv2pq337cfam","id":"gr8pv2pq337cfam"},"id":"3ao0prjwpvvkta7","previousOperationId":"r9q82hvifgzxuxa"}
{"type":"log","timestamp":1655394831782,"level":"debug","message":"Page request: GET (document) file:///var/folders/zn/5zb6zxgn2vvggrt21qcn95hh0000gn/T/jsreport/autocleanup/d71a8995-66e1-46c1-9a03-6fbd4d7ef5fb-chrome-pdf.html","meta":{"rootId":"gr8pv2pq337cfam","id":"gr8pv2pq337cfam"},"id":"c9adxia3jk01qj0","previousOperationId":"r9q82hvifgzxuxa"}
{"type":"log","timestamp":1655394831793,"level":"debug","message":"Page request finished: GET (document) file:///var/folders/zn/5zb6zxgn2vvggrt21qcn95hh0000gn/T/jsreport/autocleanup/d71a8995-66e1-46c1-9a03-6fbd4d7ef5fb-chrome-pdf.html","meta":{"rootId":"gr8pv2pq337cfam","id":"gr8pv2pq337cfam"},"id":"fvqi9fqbg766wyw","previousOperationId":"r9q82hvifgzxuxa"}
{"type":"log","timestamp":1655394831813,"level":"debug","message":"Running chrome with params {\"printBackground\":true,\"format\":\"A5\",\"marginTop\":\"0cm\",\"marginRight\":\"0cm\",\"marginBottom\":\"0cm\",\"marginLeft\":\"0cm\",\"timeout\":59574,\"margin\":{\"top\":\"0cm\",\"right\":\"0cm\",\"bottom\":\"0cm\",\"left\":\"0cm\"}}","meta":{"rootId":"gr8pv2pq337cfam","id":"gr8pv2pq337cfam"},"id":"r201irgh6bnw6ux","previousOperationId":"r9q82hvifgzxuxa"}
{"type":"operationEnd","operationId":"r9q82hvifgzxuxa","timestamp":1655394831820,"id":"7bygl8ft1aibf3i","previousEventId":"3iy80b9woha8gli","previousOperationId":"r9q82hvifgzxuxa"}
{"type":"log","timestamp":1655394831821,"level":"debug","message":"Skipping storing report.","meta":{"rootId":"gr8pv2pq337cfam","id":"gr8pv2pq337cfam"},"id":"pqnvhc9ppinvjdi","previousOperationId":"r9q82hvifgzxuxa"}
{"type":"log","timestamp":1655394831821,"level":"info","message":"Rendering request 1 finished in 839 ms","meta":{"rootId":"gr8pv2pq337cfam","id":"gr8pv2pq337cfam"},"id":"jct09k1vqg3gezk","previousOperationId":"r9q82hvifgzxuxa"}
{"type":"operationEnd","subtype":"render","operationId":"4sr0xdow01ojud4","timestamp":1655394831821,"id":"6r1filiuzflin0j","previousEventId":"7bygl8ft1aibf3i","previousOperationId":"r9q82hvifgzxuxa"}
{"type":"operationEnd","doDiffs":false,"previousEventId":"n5z9h6t7uv51xkh","previousOperationId":"xp7nnmcbassr42g","operationId":"xp7nnmcbassr42g","timestamp":1655394831825,"id":"li1vpbpb2qqh3e1"}
