{"type":"operationStart","subtype":"profile","data":{"_id":"GOixhquP3fX6QINc","timestamp":"2022-06-16T15:42:33.167Z","state":"queued","mode":"standard","blobName":"profiles/m9roc7cnph4r55o.log","creationDate":"2022-06-16T15:42:33.168Z","modificationDate":"2022-06-16T15:42:33.168Z","shortid":"VwLV4pg","inheritedReadPermissions":[],"inheritedEditPermissions":[],"$entitySet":"profiles"},"doDiffs":false,"timestamp":1655394153167,"id":"lilir67mzi7w6kg","previousOperationId":null,"operationId":"z9ljoe3kyrg7cwt"}
{"type":"log","level":"info","message":"Render request 2 queued for execution and waiting for availible worker","previousOperationId":"z9ljoe3kyrg7cwt","timestamp":1655394153168,"id":"olqz81ibptjubnu"}
{"type":"operationStart","subtype":"render","name":"Header-Footer","previousOperationId":"z9ljoe3kyrg7cwt","timestamp":1655394153173,"id":"bzibxpxdlp8wlqa","previousEventId":"lilir67mzi7w6kg","operationId":"1fqziyal0fn9ztp"}
{"type":"log","timestamp":1655394153173,"level":"info","message":"Starting rendering request 2 (user: admin)","meta":{"rootId":"m9roc7cnph4r55o","id":"m9roc7cnph4r55o"},"id":"ruz3ztiqt1olq4n","previousOperationId":"1fqziyal0fn9ztp"}
{"type":"log","timestamp":1655394153173,"level":"info","message":"Rendering template { name: Header-Footer, recipe: chrome-pdf, engine: handlebars, preview: true }","meta":{"rootId":"m9roc7cnph4r55o","id":"m9roc7cnph4r55o"},"id":"bd69fgce3m1gbcb","previousOperationId":"1fqziyal0fn9ztp"}
{"type":"log","timestamp":1655394153174,"level":"debug","message":"Data item not defined for this template.","meta":{"rootId":"m9roc7cnph4r55o","id":"m9roc7cnph4r55o"},"id":"zz1ksnvozuapg47","previousOperationId":"1fqziyal0fn9ztp"}
{"type":"log","timestamp":1655394153175,"level":"debug","message":"Base url not specified, skipping its injection.","meta":{"rootId":"m9roc7cnph4r55o","id":"m9roc7cnph4r55o"},"id":"04m7bloeoro5i8d","previousOperationId":"1fqziyal0fn9ztp"}
{"type":"log","timestamp":1655394153180,"level":"debug","message":"Replaced assets [\"invoice-styles.css\",\"KhmerOS_muollight.ttf\",\"KhmerOScontent.ttf\",\"logo_bc.png\"]","meta":{"rootId":"m9roc7cnph4r55o","id":"m9roc7cnph4r55o"},"id":"23drn5mjdqt0pov","previousOperationId":"1fqziyal0fn9ztp"}
{"type":"operationStart","subtype":"engine","name":"handlebars","timestamp":1655394153180,"id":"p633cxhkn1f697x","previousEventId":"bzibxpxdlp8wlqa","operationId":"nh7y56543drko7d","previousOperationId":"1fqziyal0fn9ztp"}
{"type":"log","timestamp":1655394153180,"level":"debug","message":"Rendering engine handlebars","meta":{"rootId":"m9roc7cnph4r55o","id":"m9roc7cnph4r55o"},"id":"z746bwkdj7cmwbh","previousOperationId":"nh7y56543drko7d"}
{"type":"operationEnd","operationId":"nh7y56543drko7d","timestamp":1655394153210,"id":"pa5rpdcncmbrwa3","previousEventId":"p633cxhkn1f697x","previousOperationId":"nh7y56543drko7d"}
{"type":"operationStart","subtype":"recipe","name":"chrome-pdf","timestamp":1655394153214,"id":"c66bktl9fyjblth","previousEventId":"pa5rpdcncmbrwa3","operationId":"dxt50ulpb5ex5pc","previousOperationId":"nh7y56543drko7d"}
{"type":"log","timestamp":1655394153215,"level":"debug","message":"Executing recipe chrome-pdf","meta":{"rootId":"m9roc7cnph4r55o","id":"m9roc7cnph4r55o"},"id":"vtjp96imnoi2b5y","previousOperationId":"dxt50ulpb5ex5pc"}
{"type":"log","timestamp":1655394153219,"level":"debug","message":"Converting with chrome HeadlessChrome/98.0.4758.0 using chrome-pool strategy","meta":{"rootId":"m9roc7cnph4r55o","id":"m9roc7cnph4r55o"},"id":"f1reftpfugy1185","previousOperationId":"dxt50ulpb5ex5pc"}
{"type":"log","timestamp":1655394153298,"level":"debug","message":"Page request: GET (document) file:///var/folders/zn/5zb6zxgn2vvggrt21qcn95hh0000gn/T/jsreport/autocleanup/231569ba-96ec-4e8a-a239-f82575995299-chrome-pdf.html","meta":{"rootId":"m9roc7cnph4r55o","id":"m9roc7cnph4r55o"},"id":"uvij3djkw41qlz1","previousOperationId":"dxt50ulpb5ex5pc"}
{"type":"log","timestamp":1655394153309,"level":"debug","message":"Page request finished: GET (document) file:///var/folders/zn/5zb6zxgn2vvggrt21qcn95hh0000gn/T/jsreport/autocleanup/231569ba-96ec-4e8a-a239-f82575995299-chrome-pdf.html","meta":{"rootId":"m9roc7cnph4r55o","id":"m9roc7cnph4r55o"},"id":"m38u6u15c8q6h3l","previousOperationId":"dxt50ulpb5ex5pc"}
{"type":"log","timestamp":1655394153328,"level":"debug","message":"Running chrome with params {\"printBackground\":true,\"format\":\"A5\",\"marginTop\":\"0cm\",\"marginRight\":\"0cm\",\"marginBottom\":\"0cm\",\"marginLeft\":\"0cm\",\"timeout\":59949,\"margin\":{\"top\":\"0cm\",\"right\":\"0cm\",\"bottom\":\"0cm\",\"left\":\"0cm\"}}","meta":{"rootId":"m9roc7cnph4r55o","id":"m9roc7cnph4r55o"},"id":"kkwdafyevew7pu2","previousOperationId":"dxt50ulpb5ex5pc"}
{"type":"operationEnd","operationId":"dxt50ulpb5ex5pc","timestamp":1655394153335,"id":"2847kix0i2w6r5r","previousEventId":"c66bktl9fyjblth","previousOperationId":"dxt50ulpb5ex5pc"}
{"type":"log","timestamp":1655394153335,"level":"debug","message":"Skipping storing report.","meta":{"rootId":"m9roc7cnph4r55o","id":"m9roc7cnph4r55o"},"id":"osbhufquprforta","previousOperationId":"dxt50ulpb5ex5pc"}
{"type":"log","timestamp":1655394153335,"level":"info","message":"Rendering request 2 finished in 168 ms","meta":{"rootId":"m9roc7cnph4r55o","id":"m9roc7cnph4r55o"},"id":"ik2bio6ix8i86ht","previousOperationId":"dxt50ulpb5ex5pc"}
{"type":"operationEnd","subtype":"render","operationId":"1fqziyal0fn9ztp","timestamp":1655394153335,"id":"ztcrz2yb0tbloev","previousEventId":"2847kix0i2w6r5r","previousOperationId":"dxt50ulpb5ex5pc"}
{"type":"operationEnd","doDiffs":false,"previousEventId":"lilir67mzi7w6kg","previousOperationId":"z9ljoe3kyrg7cwt","operationId":"z9ljoe3kyrg7cwt","timestamp":1655394153338,"id":"gvg74b60kw4n60x"}
